[2025-07-05 17:18:41Z INFO HostContext] No proxy settings were found based on environmental variables (http_proxy/https_proxy/HTTP_PROXY/HTTPS_PROXY)
[2025-07-05 17:18:41Z INFO HostContext] Well known directory 'Bin': 'D:\EmbeddedTesting\CICD_HIL_Testing\actions-runner\bin'
[2025-07-05 17:18:41Z INFO HostContext] Well known directory 'Root': 'D:\EmbeddedTesting\CICD_HIL_Testing\actions-runner'
[2025-07-05 17:18:41Z INFO HostContext] Well known config file 'Credentials': 'D:\EmbeddedTesting\CICD_HIL_Testing\actions-runner\.credentials'
[2025-07-05 17:18:41Z INFO HostContext] Well known directory 'Bin': 'D:\EmbeddedTesting\CICD_HIL_Testing\actions-runner\bin'
[2025-07-05 17:18:41Z INFO HostContext] Well known directory 'Root': 'D:\EmbeddedTesting\CICD_HIL_Testing\actions-runner'
[2025-07-05 17:18:41Z INFO HostContext] Well known config file 'Runner': 'D:\EmbeddedTesting\CICD_HIL_Testing\actions-runner\.runner'
[2025-07-05 17:18:41Z INFO Listener] Runner is built for Windows (X64) - win-x64.
[2025-07-05 17:18:41Z INFO Listener] RuntimeInformation: Microsoft Windows 10.0.26100.
[2025-07-05 17:18:41Z INFO Listener] Version: 2.325.0
[2025-07-05 17:18:41Z INFO Listener] Commit: 71ed7cd46223bd5d61633445946813012b502d54
[2025-07-05 17:18:41Z INFO Listener] Culture: en-US
[2025-07-05 17:18:41Z INFO Listener] UI Culture: en-US
[2025-07-05 17:18:41Z INFO HostContext] Well known directory 'Bin': 'D:\EmbeddedTesting\CICD_HIL_Testing\actions-runner\bin'
[2025-07-05 17:18:41Z INFO HostContext] Well known directory 'Root': 'D:\EmbeddedTesting\CICD_HIL_Testing\actions-runner'
[2025-07-05 17:18:41Z INFO Listener] Validating directory permissions for: 'D:\EmbeddedTesting\CICD_HIL_Testing\actions-runner'
[2025-07-05 17:18:41Z INFO CommandLineParser] Parse
[2025-07-05 17:18:41Z INFO CommandLineParser] Parsing 1 args
[2025-07-05 17:18:41Z INFO CommandLineParser] parsing argument
[2025-07-05 17:18:41Z INFO CommandLineParser] HasArgs: False
[2025-07-05 17:18:41Z INFO CommandLineParser] Adding Command: run
[2025-07-05 17:18:41Z INFO Listener] Arguments parsed
[2025-07-05 17:18:41Z INFO Runner] ExecuteCommand
[2025-07-05 17:18:41Z INFO ConfigurationStore] currentAssemblyLocation: D:\EmbeddedTesting\CICD_HIL_Testing\actions-runner\bin\Runner.Listener.dll
[2025-07-05 17:18:41Z INFO HostContext] Well known directory 'Bin': 'D:\EmbeddedTesting\CICD_HIL_Testing\actions-runner\bin'
[2025-07-05 17:18:41Z INFO ConfigurationStore] binPath: D:\EmbeddedTesting\CICD_HIL_Testing\actions-runner\bin
[2025-07-05 17:18:41Z INFO HostContext] Well known directory 'Bin': 'D:\EmbeddedTesting\CICD_HIL_Testing\actions-runner\bin'
[2025-07-05 17:18:41Z INFO HostContext] Well known directory 'Root': 'D:\EmbeddedTesting\CICD_HIL_Testing\actions-runner'
[2025-07-05 17:18:41Z INFO ConfigurationStore] RootFolder: D:\EmbeddedTesting\CICD_HIL_Testing\actions-runner
[2025-07-05 17:18:41Z INFO HostContext] Well known directory 'Bin': 'D:\EmbeddedTesting\CICD_HIL_Testing\actions-runner\bin'
[2025-07-05 17:18:41Z INFO HostContext] Well known directory 'Root': 'D:\EmbeddedTesting\CICD_HIL_Testing\actions-runner'
[2025-07-05 17:18:41Z INFO HostContext] Well known config file 'Runner': 'D:\EmbeddedTesting\CICD_HIL_Testing\actions-runner\.runner'
[2025-07-05 17:18:41Z INFO ConfigurationStore] ConfigFilePath: D:\EmbeddedTesting\CICD_HIL_Testing\actions-runner\.runner
[2025-07-05 17:18:41Z INFO HostContext] Well known directory 'Bin': 'D:\EmbeddedTesting\CICD_HIL_Testing\actions-runner\bin'
[2025-07-05 17:18:41Z INFO HostContext] Well known directory 'Root': 'D:\EmbeddedTesting\CICD_HIL_Testing\actions-runner'
[2025-07-05 17:18:41Z INFO HostContext] Well known config file 'MigratedRunner': 'D:\EmbeddedTesting\CICD_HIL_Testing\actions-runner\.runner_migrated'
[2025-07-05 17:18:41Z INFO ConfigurationStore] MigratedConfigFilePath: D:\EmbeddedTesting\CICD_HIL_Testing\actions-runner\.runner_migrated
[2025-07-05 17:18:41Z INFO HostContext] Well known directory 'Bin': 'D:\EmbeddedTesting\CICD_HIL_Testing\actions-runner\bin'
[2025-07-05 17:18:41Z INFO HostContext] Well known directory 'Root': 'D:\EmbeddedTesting\CICD_HIL_Testing\actions-runner'
[2025-07-05 17:18:41Z INFO HostContext] Well known config file 'Credentials': 'D:\EmbeddedTesting\CICD_HIL_Testing\actions-runner\.credentials'
[2025-07-05 17:18:41Z INFO ConfigurationStore] CredFilePath: D:\EmbeddedTesting\CICD_HIL_Testing\actions-runner\.credentials
[2025-07-05 17:18:41Z INFO HostContext] Well known directory 'Bin': 'D:\EmbeddedTesting\CICD_HIL_Testing\actions-runner\bin'
[2025-07-05 17:18:41Z INFO HostContext] Well known directory 'Root': 'D:\EmbeddedTesting\CICD_HIL_Testing\actions-runner'
[2025-07-05 17:18:41Z INFO HostContext] Well known config file 'MigratedCredentials': 'D:\EmbeddedTesting\CICD_HIL_Testing\actions-runner\.credentials_migrated'
[2025-07-05 17:18:41Z INFO ConfigurationStore] MigratedCredFilePath: D:\EmbeddedTesting\CICD_HIL_Testing\actions-runner\.credentials_migrated
[2025-07-05 17:18:41Z INFO HostContext] Well known directory 'Bin': 'D:\EmbeddedTesting\CICD_HIL_Testing\actions-runner\bin'
[2025-07-05 17:18:41Z INFO HostContext] Well known directory 'Root': 'D:\EmbeddedTesting\CICD_HIL_Testing\actions-runner'
[2025-07-05 17:18:41Z INFO HostContext] Well known config file 'Service': 'D:\EmbeddedTesting\CICD_HIL_Testing\actions-runner\.service'
[2025-07-05 17:18:41Z INFO ConfigurationStore] ServiceConfigFilePath: D:\EmbeddedTesting\CICD_HIL_Testing\actions-runner\.service
[2025-07-05 17:18:41Z INFO CommandSettings] Flag 'help': 'False'
[2025-07-05 17:18:41Z INFO CommandSettings] Flag 'version': 'False'
[2025-07-05 17:18:41Z INFO CommandSettings] Flag 'commit': 'False'
[2025-07-05 17:18:41Z INFO CommandSettings] Flag 'check': 'False'
[2025-07-05 17:18:41Z INFO CommandSettings] Command 'configure': 'False'
[2025-07-05 17:18:41Z INFO CommandSettings] Command 'remove': 'False'
[2025-07-05 17:18:41Z INFO CommandSettings] Command 'warmup': 'False'
[2025-07-05 17:18:41Z INFO ConfigurationManager] LoadSettings
[2025-07-05 17:18:41Z INFO ConfigurationStore] IsConfigured()
[2025-07-05 17:18:41Z INFO ConfigurationStore] IsConfigured: True
[2025-07-05 17:18:41Z INFO ConfigurationManager] Is configured: True
[2025-07-05 17:18:41Z INFO ConfigurationStore] Read setting file: 406 chars
[2025-07-05 17:18:41Z INFO ConfigurationManager] Settings Loaded
[2025-07-05 17:18:41Z INFO ConfigurationStore] IsServiceConfigured()
[2025-07-05 17:18:41Z INFO ConfigurationStore] IsServiceConfigured: False
[2025-07-05 17:18:41Z INFO CommandSettings] Command 'run': 'True'
[2025-07-05 17:18:41Z INFO ConfigurationStore] IsConfigured()
[2025-07-05 17:18:41Z INFO ConfigurationStore] IsConfigured: True
[2025-07-05 17:18:41Z INFO ConfigurationManager] Is configured: True
[2025-07-05 17:18:41Z INFO Runner] Could not parse the argument value '' for StartupType. Defaulting to Manual
[2025-07-05 17:18:41Z INFO Runner] Set runner startup type - Manual
[2025-07-05 17:18:41Z INFO CommandSettings] Flag 'once': 'False'
[2025-07-05 17:18:41Z INFO CommandSettings] Flag 'once': 'False'
[2025-07-05 17:18:41Z INFO Runner] RunAsync
[2025-07-05 17:18:41Z INFO ConfigurationManager] LoadMigratedSettings
[2025-07-05 17:18:41Z INFO ConfigurationStore] IsMigratedConfigured()
[2025-07-05 17:18:41Z INFO ConfigurationStore] IsMigratedConfigured: False
[2025-07-05 17:18:41Z INFO Runner] Failed to load migrated settings: No migrated configuration found.
[2025-07-05 17:18:41Z INFO Runner] Falling back to original .runner settings
[2025-07-05 17:18:41Z INFO Runner] Using BrokerMessageListener
[2025-07-05 17:18:41Z INFO BrokerMessageListener] Using provided settings
[2025-07-05 17:18:41Z INFO BrokerMessageListener] {
  "AgentId": 2,
  "AgentName": "PHUC3",
  "PoolId": 1,
  "PoolName": "Default",
  "ServerUrl": "https://pipelinesghubeus7.actions.githubusercontent.com/iwEAcfLkoTcvWTJ3l3nlLBZEHR2Sf6tKXX6T60OcGgx6n2dJBJ/",
  "GitHubUrl": "https://github.com/hibro123code/cicd-hil-embedded-testing",
  "WorkFolder": "_work",
  "UseV2Flow": true,
  "ServerUrlV2": "https://broker.actions.githubusercontent.com/"
}
[2025-07-05 17:18:41Z INFO BrokerMessageListener] Loading Credentials
[2025-07-05 17:18:41Z INFO ConfigurationStore] HasCredentials()
[2025-07-05 17:18:41Z INFO ConfigurationStore] stored True
[2025-07-05 17:18:41Z INFO CredentialManager] GetCredentialProvider
[2025-07-05 17:18:41Z INFO CredentialManager] Creating type OAuth
[2025-07-05 17:18:41Z INFO CredentialManager] Creating credential type: OAuth
[2025-07-05 17:18:41Z INFO HostContext] Well known directory 'Bin': 'D:\EmbeddedTesting\CICD_HIL_Testing\actions-runner\bin'
[2025-07-05 17:18:41Z INFO HostContext] Well known directory 'Root': 'D:\EmbeddedTesting\CICD_HIL_Testing\actions-runner'
[2025-07-05 17:18:41Z INFO HostContext] Well known config file 'RSACredentials': 'D:\EmbeddedTesting\CICD_HIL_Testing\actions-runner\.credentials_rsaparams'
[2025-07-05 17:18:41Z INFO RSAEncryptedFileKeyManager] Loading RSA key parameters from file D:\EmbeddedTesting\CICD_HIL_Testing\actions-runner\.credentials_rsaparams
[2025-07-05 17:18:41Z INFO BrokerMessageListener] Attempt to create session.
[2025-07-05 17:18:41Z INFO BrokerMessageListener] Connecting to the Broker Server...
[2025-07-05 17:18:41Z INFO ConfigurationStore] HasCredentials()
[2025-07-05 17:18:41Z INFO ConfigurationStore] stored True
[2025-07-05 17:18:41Z INFO CredentialManager] GetCredentialProvider
[2025-07-05 17:18:41Z INFO CredentialManager] Creating type OAuth
[2025-07-05 17:18:41Z INFO CredentialManager] Creating credential type: OAuth
[2025-07-05 17:18:41Z INFO RSAEncryptedFileKeyManager] Loading RSA key parameters from file D:\EmbeddedTesting\CICD_HIL_Testing\actions-runner\.credentials_rsaparams
[2025-07-05 17:18:41Z INFO BrokerMessageListener] VssConnection created
[2025-07-05 17:18:41Z INFO BrokerMessageListener] Connecting to the Runner server...
[2025-07-05 17:18:41Z INFO RunnerServer] EstablishVssConnection
[2025-07-05 17:18:41Z INFO RunnerServer] Establish connection with 100 seconds timeout.
[2025-07-05 17:18:41Z INFO GitHubActionsService] Starting operation Location.GetConnectionData
[2025-07-05 17:18:41Z INFO RunnerServer] EstablishVssConnection
[2025-07-05 17:18:41Z INFO RunnerServer] Establish connection with 60 seconds timeout.
[2025-07-05 17:18:41Z INFO GitHubActionsService] Starting operation Location.GetConnectionData
[2025-07-05 17:18:41Z INFO RunnerServer] EstablishVssConnection
[2025-07-05 17:18:41Z INFO RunnerServer] Establish connection with 60 seconds timeout.
[2025-07-05 17:18:41Z INFO GitHubActionsService] Starting operation Location.GetConnectionData
[2025-07-05 17:18:43Z INFO GitHubActionsService] Finished operation Location.GetConnectionData
[2025-07-05 17:18:43Z INFO GitHubActionsService] Finished operation Location.GetConnectionData
[2025-07-05 17:18:46Z INFO GitHubActionsService] Finished operation Location.GetConnectionData
[2025-07-05 17:18:46Z INFO BrokerMessageListener] VssConnection created
[2025-07-05 17:18:46Z INFO Terminal] WRITE LINE: 
[2025-07-05 17:18:46Z INFO Terminal] WRITE LINE: 
[2025-07-05 17:18:46Z INFO RSAEncryptedFileKeyManager] Loading RSA key parameters from file D:\EmbeddedTesting\CICD_HIL_Testing\actions-runner\.credentials_rsaparams
[2025-07-05 17:18:46Z INFO RSAEncryptedFileKeyManager] Loading RSA key parameters from file D:\EmbeddedTesting\CICD_HIL_Testing\actions-runner\.credentials_rsaparams
[2025-07-05 17:18:48Z INFO GitHubActionsService] AAD Correlation ID for this token request: Unknown
[2025-07-05 17:18:48Z WARN GitHubActionsService] Retrieving an AAD auth token took a long time (2.0590741 seconds)
[2025-07-05 17:18:49Z INFO BrokerMessageListener] Session created.
[2025-07-05 17:18:49Z INFO Terminal] WRITE LINE: Current runner version: '2.325.0'
[2025-07-05 17:18:49Z INFO Terminal] WRITE LINE: 2025-07-05 17:18:49Z: Listening for Jobs
[2025-07-05 17:18:49Z INFO JobDispatcher] Set runner/worker IPC timeout to 30 seconds.
[2025-07-05 17:21:50Z WARN GitHubActionsService] Attempt 1 of GET request to https://broker.actions.githubusercontent.com/message?sessionId=d1679623-31a9-417d-a8a2-e668ad49359a&status=Online&runnerVersion=2.325.0&os=Windows&architecture=X64&disableUpdate=false failed (Socket Error: ConnectionReset). The operation will be retried in 11.066 seconds.
[2025-07-05 17:22:01Z ERR  GitHubActionsService] GET request to https://broker.actions.githubusercontent.com/message?sessionId=d1679623-31a9-417d-a8a2-e668ad49359a&status=Online&runnerVersion=2.325.0&os=Windows&architecture=X64&disableUpdate=false failed. System.Net.Http.HttpRequestException: No such host is known. (broker.actions.githubusercontent.com:443)
 ---> System.Net.Sockets.SocketException (11001): No such host is known.
   at System.Net.Sockets.Socket.AwaitableSocketAsyncEventArgs.ThrowException(SocketError error, CancellationToken cancellationToken)
   at System.Net.Sockets.Socket.AwaitableSocketAsyncEventArgs.System.Threading.Tasks.Sources.IValueTaskSource.GetResult(Int16 token)
   at System.Net.Sockets.Socket.<ConnectAsync>g__WaitForConnectWithCancellation|285_0(AwaitableSocketAsyncEventArgs saea, ValueTask connectTask, CancellationToken cancellationToken)
   at System.Net.Http.HttpConnectionPool.ConnectToTcpHostAsync(String host, Int32 port, HttpRequestMessage initialRequest, Boolean async, CancellationToken cancellationToken)
   --- End of inner exception stack trace ---
   at System.Net.Http.HttpConnectionPool.ConnectToTcpHostAsync(String host, Int32 port, HttpRequestMessage initialRequest, Boolean async, CancellationToken cancellationToken)
   at System.Net.Http.HttpConnectionPool.ConnectAsync(HttpRequestMessage request, Boolean async, CancellationToken cancellationToken)
   at System.Net.Http.HttpConnectionPool.CreateHttp11ConnectionAsync(HttpRequestMessage request, Boolean async, CancellationToken cancellationToken)
   at System.Net.Http.HttpConnectionPool.AddHttp11ConnectionAsync(QueueItem queueItem)
   at System.Threading.Tasks.TaskCompletionSourceWithCancellation`1.WaitWithCancellationAsync(CancellationToken cancellationToken)
   at System.Net.Http.HttpConnectionPool.SendWithVersionDetectionAndRetryAsync(HttpRequestMessage request, Boolean async, Boolean doRequestAuth, CancellationToken cancellationToken)
   at System.Net.Http.AuthenticationHelper.SendWithAuthAsync(HttpRequestMessage request, Uri authUri, Boolean async, ICredentials credentials, Boolean preAuthenticate, Boolean isProxyAuth, Boolean doRequestAuth, HttpConnectionPool pool, CancellationToken cancellationToken)
   at System.Net.Http.RedirectHandler.SendAsync(HttpRequestMessage request, Boolean async, CancellationToken cancellationToken)
   at GitHub.Services.Common.RawHttpMessageHandler.SendAsync(HttpRequestMessage request, CancellationToken cancellationToken)
   at GitHub.Services.Common.VssHttpRetryMessageHandler.SendAsync(HttpRequestMessage request, CancellationToken cancellationToken)
[2025-07-05 17:22:01Z ERR  BrokerServer] Catch exception during request
[2025-07-05 17:22:01Z ERR  BrokerServer] System.Net.Http.HttpRequestException: No such host is known. (broker.actions.githubusercontent.com:443)
 ---> System.Net.Sockets.SocketException (11001): No such host is known.
   at System.Net.Sockets.Socket.AwaitableSocketAsyncEventArgs.ThrowException(SocketError error, CancellationToken cancellationToken)
   at System.Net.Sockets.Socket.AwaitableSocketAsyncEventArgs.System.Threading.Tasks.Sources.IValueTaskSource.GetResult(Int16 token)
   at System.Net.Sockets.Socket.<ConnectAsync>g__WaitForConnectWithCancellation|285_0(AwaitableSocketAsyncEventArgs saea, ValueTask connectTask, CancellationToken cancellationToken)
   at System.Net.Http.HttpConnectionPool.ConnectToTcpHostAsync(String host, Int32 port, HttpRequestMessage initialRequest, Boolean async, CancellationToken cancellationToken)
   --- End of inner exception stack trace ---
   at GitHub.Services.Common.VssHttpRetryMessageHandler.SendAsync(HttpRequestMessage request, CancellationToken cancellationToken)
   at System.Net.Http.HttpClient.<SendAsync>g__Core|83_0(HttpRequestMessage request, HttpCompletionOption completionOption, CancellationTokenSource cts, Boolean disposeCts, CancellationTokenSource pendingRequestsCts, CancellationToken originalCancellationToken)
   at Sdk.WebApi.WebApi.RawHttpClientBase.SendAsync(HttpRequestMessage message, HttpCompletionOption completionOption, Object userState, CancellationToken cancellationToken)
   at Sdk.WebApi.WebApi.RawHttpClientBase.SendAsync[T](HttpRequestMessage message, Boolean readErrorBody, Object userState, CancellationToken cancellationToken)
   at Sdk.WebApi.WebApi.RawHttpClientBase.SendAsync[T](HttpMethod method, IEnumerable`1 additionalHeaders, Uri requestUri, HttpContent content, IEnumerable`1 queryParameters, Boolean readErrorBody, Object userState, CancellationToken cancellationToken)
   at GitHub.Actions.RunService.WebApi.BrokerHttpClient.GetRunnerMessageAsync(Nullable`1 sessionId, String runnerVersion, Nullable`1 status, String os, String architecture, Nullable`1 disableUpdate, CancellationToken cancellationToken)
   at GitHub.Runner.Common.BrokerServer.<>c__DisplayClass7_0.<<GetRunnerMessageAsync>b__0>d.MoveNext()
--- End of stack trace from previous location ---
   at GitHub.Runner.Common.RunnerService.RetryRequest[T](Func`1 func, CancellationToken cancellationToken, Int32 maxRetryAttemptsCount, Func`2 shouldRetry)
[2025-07-05 17:22:01Z ERR  BrokerServer] #####################################################
[2025-07-05 17:22:01Z ERR  BrokerServer] System.Net.Sockets.SocketException (11001): No such host is known.
   at System.Net.Sockets.Socket.AwaitableSocketAsyncEventArgs.ThrowException(SocketError error, CancellationToken cancellationToken)
   at System.Net.Sockets.Socket.AwaitableSocketAsyncEventArgs.System.Threading.Tasks.Sources.IValueTaskSource.GetResult(Int16 token)
   at System.Net.Sockets.Socket.<ConnectAsync>g__WaitForConnectWithCancellation|285_0(AwaitableSocketAsyncEventArgs saea, ValueTask connectTask, CancellationToken cancellationToken)
   at System.Net.Http.HttpConnectionPool.ConnectToTcpHostAsync(String host, Int32 port, HttpRequestMessage initialRequest, Boolean async, CancellationToken cancellationToken)
[2025-07-05 17:22:01Z WARN BrokerServer] Back off 13.394 seconds before next retry. 4 attempt left.
[2025-07-05 17:22:14Z ERR  GitHubActionsService] GET request to https://broker.actions.githubusercontent.com/message?sessionId=d1679623-31a9-417d-a8a2-e668ad49359a&status=Online&runnerVersion=2.325.0&os=Windows&architecture=X64&disableUpdate=false failed. System.Net.Http.HttpRequestException: No such host is known. (broker.actions.githubusercontent.com:443)
 ---> System.Net.Sockets.SocketException (11001): No such host is known.
   at System.Net.Sockets.Socket.AwaitableSocketAsyncEventArgs.ThrowException(SocketError error, CancellationToken cancellationToken)
   at System.Net.Sockets.Socket.AwaitableSocketAsyncEventArgs.System.Threading.Tasks.Sources.IValueTaskSource.GetResult(Int16 token)
   at System.Net.Sockets.Socket.<ConnectAsync>g__WaitForConnectWithCancellation|285_0(AwaitableSocketAsyncEventArgs saea, ValueTask connectTask, CancellationToken cancellationToken)
   at System.Net.Http.HttpConnectionPool.ConnectToTcpHostAsync(String host, Int32 port, HttpRequestMessage initialRequest, Boolean async, CancellationToken cancellationToken)
   --- End of inner exception stack trace ---
   at System.Net.Http.HttpConnectionPool.ConnectToTcpHostAsync(String host, Int32 port, HttpRequestMessage initialRequest, Boolean async, CancellationToken cancellationToken)
   at System.Net.Http.HttpConnectionPool.ConnectAsync(HttpRequestMessage request, Boolean async, CancellationToken cancellationToken)
   at System.Net.Http.HttpConnectionPool.CreateHttp11ConnectionAsync(HttpRequestMessage request, Boolean async, CancellationToken cancellationToken)
   at System.Net.Http.HttpConnectionPool.AddHttp11ConnectionAsync(QueueItem queueItem)
   at System.Threading.Tasks.TaskCompletionSourceWithCancellation`1.WaitWithCancellationAsync(CancellationToken cancellationToken)
   at System.Net.Http.HttpConnectionPool.SendWithVersionDetectionAndRetryAsync(HttpRequestMessage request, Boolean async, Boolean doRequestAuth, CancellationToken cancellationToken)
   at System.Net.Http.AuthenticationHelper.SendWithAuthAsync(HttpRequestMessage request, Uri authUri, Boolean async, ICredentials credentials, Boolean preAuthenticate, Boolean isProxyAuth, Boolean doRequestAuth, HttpConnectionPool pool, CancellationToken cancellationToken)
   at System.Net.Http.RedirectHandler.SendAsync(HttpRequestMessage request, Boolean async, CancellationToken cancellationToken)
   at GitHub.Services.Common.RawHttpMessageHandler.SendAsync(HttpRequestMessage request, CancellationToken cancellationToken)
   at GitHub.Services.Common.VssHttpRetryMessageHandler.SendAsync(HttpRequestMessage request, CancellationToken cancellationToken)
[2025-07-05 17:22:14Z ERR  BrokerServer] Catch exception during request
[2025-07-05 17:22:14Z ERR  BrokerServer] System.Net.Http.HttpRequestException: No such host is known. (broker.actions.githubusercontent.com:443)
 ---> System.Net.Sockets.SocketException (11001): No such host is known.
   at System.Net.Sockets.Socket.AwaitableSocketAsyncEventArgs.ThrowException(SocketError error, CancellationToken cancellationToken)
   at System.Net.Sockets.Socket.AwaitableSocketAsyncEventArgs.System.Threading.Tasks.Sources.IValueTaskSource.GetResult(Int16 token)
   at System.Net.Sockets.Socket.<ConnectAsync>g__WaitForConnectWithCancellation|285_0(AwaitableSocketAsyncEventArgs saea, ValueTask connectTask, CancellationToken cancellationToken)
   at System.Net.Http.HttpConnectionPool.ConnectToTcpHostAsync(String host, Int32 port, HttpRequestMessage initialRequest, Boolean async, CancellationToken cancellationToken)
   --- End of inner exception stack trace ---
   at GitHub.Services.Common.VssHttpRetryMessageHandler.SendAsync(HttpRequestMessage request, CancellationToken cancellationToken)
   at System.Net.Http.HttpClient.<SendAsync>g__Core|83_0(HttpRequestMessage request, HttpCompletionOption completionOption, CancellationTokenSource cts, Boolean disposeCts, CancellationTokenSource pendingRequestsCts, CancellationToken originalCancellationToken)
   at Sdk.WebApi.WebApi.RawHttpClientBase.SendAsync(HttpRequestMessage message, HttpCompletionOption completionOption, Object userState, CancellationToken cancellationToken)
   at Sdk.WebApi.WebApi.RawHttpClientBase.SendAsync[T](HttpRequestMessage message, Boolean readErrorBody, Object userState, CancellationToken cancellationToken)
   at Sdk.WebApi.WebApi.RawHttpClientBase.SendAsync[T](HttpMethod method, IEnumerable`1 additionalHeaders, Uri requestUri, HttpContent content, IEnumerable`1 queryParameters, Boolean readErrorBody, Object userState, CancellationToken cancellationToken)
   at GitHub.Actions.RunService.WebApi.BrokerHttpClient.GetRunnerMessageAsync(Nullable`1 sessionId, String runnerVersion, Nullable`1 status, String os, String architecture, Nullable`1 disableUpdate, CancellationToken cancellationToken)
   at GitHub.Runner.Common.BrokerServer.<>c__DisplayClass7_0.<<GetRunnerMessageAsync>b__0>d.MoveNext()
--- End of stack trace from previous location ---
   at GitHub.Runner.Common.RunnerService.RetryRequest[T](Func`1 func, CancellationToken cancellationToken, Int32 maxRetryAttemptsCount, Func`2 shouldRetry)
[2025-07-05 17:22:14Z ERR  BrokerServer] #####################################################
[2025-07-05 17:22:14Z ERR  BrokerServer] System.Net.Sockets.SocketException (11001): No such host is known.
   at System.Net.Sockets.Socket.AwaitableSocketAsyncEventArgs.ThrowException(SocketError error, CancellationToken cancellationToken)
   at System.Net.Sockets.Socket.AwaitableSocketAsyncEventArgs.System.Threading.Tasks.Sources.IValueTaskSource.GetResult(Int16 token)
   at System.Net.Sockets.Socket.<ConnectAsync>g__WaitForConnectWithCancellation|285_0(AwaitableSocketAsyncEventArgs saea, ValueTask connectTask, CancellationToken cancellationToken)
   at System.Net.Http.HttpConnectionPool.ConnectToTcpHostAsync(String host, Int32 port, HttpRequestMessage initialRequest, Boolean async, CancellationToken cancellationToken)
[2025-07-05 17:22:14Z WARN BrokerServer] Back off 7.634 seconds before next retry. 3 attempt left.
[2025-07-05 17:26:12Z INFO ConfigurationStore] HasCredentials()
[2025-07-05 17:26:12Z INFO ConfigurationStore] stored True
[2025-07-05 17:26:12Z INFO CredentialManager] GetCredentialProvider
[2025-07-05 17:26:12Z INFO CredentialManager] Creating type OAuth
[2025-07-05 17:26:12Z INFO CredentialManager] Creating credential type: OAuth
[2025-07-05 17:26:12Z INFO RSAEncryptedFileKeyManager] Loading RSA key parameters from file D:\EmbeddedTesting\CICD_HIL_Testing\actions-runner\.credentials_rsaparams
[2025-07-05 17:26:12Z INFO RSAEncryptedFileKeyManager] Loading RSA key parameters from file D:\EmbeddedTesting\CICD_HIL_Testing\actions-runner\.credentials_rsaparams
[2025-07-05 17:26:12Z INFO RSAEncryptedFileKeyManager] Loading RSA key parameters from file D:\EmbeddedTesting\CICD_HIL_Testing\actions-runner\.credentials_rsaparams
[2025-07-05 17:26:13Z INFO GitHubActionsService] AAD Correlation ID for this token request: Unknown
[2025-07-05 17:26:15Z INFO JobDispatcher] Job request 0 for plan 71af9944-5a68-4fcd-a48f-46a22599c39c job d7de970d-acba-5dc3-bc03-5cb7c00efed6 received.
[2025-07-05 17:26:15Z INFO BrokerMessageListener] Received job status event. JobState: Busy
[2025-07-05 17:26:15Z INFO BrokerMessageListener] _getMessagesTokenSource is already disposed.
[2025-07-05 17:26:15Z INFO Terminal] WRITE LINE: 2025-07-05 17:26:15Z: Running job: Build, Flash and HIL Test
[2025-07-05 17:26:15Z INFO JobDispatcher] Start renew job request 0 for job d7de970d-acba-5dc3-bc03-5cb7c00efed6.
[2025-07-05 17:26:16Z INFO JobDispatcher] Successfully renew job d7de970d-acba-5dc3-bc03-5cb7c00efed6, job is valid till 05/07/2025 5:36:16 PM
[2025-07-05 17:26:16Z INFO HostContext] Well known directory 'Bin': 'D:\EmbeddedTesting\CICD_HIL_Testing\actions-runner\bin'
[2025-07-05 17:26:16Z INFO ProcessInvokerWrapper] Starting process:
[2025-07-05 17:26:16Z INFO ProcessInvokerWrapper]   File name: 'D:\EmbeddedTesting\CICD_HIL_Testing\actions-runner\bin\Runner.Worker.exe'
[2025-07-05 17:26:16Z INFO ProcessInvokerWrapper]   Arguments: 'spawnclient 952 1540'
[2025-07-05 17:26:16Z INFO ProcessInvokerWrapper]   Working directory: 'D:\EmbeddedTesting\CICD_HIL_Testing\actions-runner\bin'
[2025-07-05 17:26:16Z INFO ProcessInvokerWrapper]   Require exit code zero: 'False'
[2025-07-05 17:26:16Z INFO ProcessInvokerWrapper]   Encoding web name:  ; code page: ''
[2025-07-05 17:26:16Z INFO ProcessInvokerWrapper]   Force kill process on cancellation: 'True'
[2025-07-05 17:26:16Z INFO ProcessInvokerWrapper]   Redirected STDIN: 'False'
[2025-07-05 17:26:16Z INFO ProcessInvokerWrapper]   Persist current code page: 'False'
[2025-07-05 17:26:16Z INFO ProcessInvokerWrapper]   Keep redirected STDIN open: 'False'
[2025-07-05 17:26:16Z INFO ProcessInvokerWrapper]   High priority process: 'True'
[2025-07-05 17:26:16Z INFO ProcessInvokerWrapper] Process started with process id 8312, waiting for process exit.
[2025-07-05 17:26:16Z INFO JobDispatcher] Send job request message to worker for job d7de970d-acba-5dc3-bc03-5cb7c00efed6.
[2025-07-05 17:26:16Z INFO ProcessChannel] Sending message of length 22447, with hash '5e8315e9ce606195b1674300ff85c56792aa1b88bf68a61872d21602ef7d01bd'
[2025-07-05 17:26:16Z INFO JobNotification] Entering JobStarted Notification
[2025-07-05 17:26:16Z INFO JobNotification] Entering StartMonitor
[2025-07-05 17:27:16Z INFO JobDispatcher] Successfully renew job d7de970d-acba-5dc3-bc03-5cb7c00efed6, job is valid till 05/07/2025 5:37:16 PM
[2025-07-05 17:28:17Z INFO JobDispatcher] Successfully renew job d7de970d-acba-5dc3-bc03-5cb7c00efed6, job is valid till 05/07/2025 5:38:17 PM
[2025-07-05 17:28:41Z INFO ProcessInvokerWrapper] STDOUT/STDERR stream read finished.
[2025-07-05 17:28:41Z INFO ProcessInvokerWrapper] STDOUT/STDERR stream read finished.
[2025-07-05 17:28:41Z INFO ProcessInvokerWrapper] Finished process 8312 with exit code 102, and elapsed time 00:02:24.9109525.
[2025-07-05 17:28:41Z INFO JobDispatcher] Worker finished for job d7de970d-acba-5dc3-bc03-5cb7c00efed6. Code: 102
[2025-07-05 17:28:41Z INFO JobDispatcher] finish job request for job d7de970d-acba-5dc3-bc03-5cb7c00efed6 with result: Failed
[2025-07-05 17:28:41Z INFO Terminal] WRITE LINE: 2025-07-05 17:28:41Z: Job Build, Flash and HIL Test completed with result: Failed
[2025-07-05 17:28:41Z INFO JobDispatcher] Stop renew job request for job d7de970d-acba-5dc3-bc03-5cb7c00efed6.
[2025-07-05 17:28:41Z INFO JobDispatcher] job renew has been cancelled, stop renew job d7de970d-acba-5dc3-bc03-5cb7c00efed6.
[2025-07-05 17:28:41Z INFO JobNotification] Entering JobCompleted Notification
[2025-07-05 17:28:41Z INFO JobNotification] Entering EndMonitor
[2025-07-05 17:28:41Z INFO BrokerMessageListener] Received job status event. JobState: Online
[2025-07-05 17:28:41Z WARN GitHubActionsService] GET request to https://broker.actions.githubusercontent.com/message?sessionId=d1679623-31a9-417d-a8a2-e668ad49359a&status=Busy&runnerVersion=2.325.0&os=Windows&architecture=X64&disableUpdate=false has been cancelled.
[2025-07-05 17:28:41Z ERR  BrokerServer] Catch exception during request
[2025-07-05 17:28:41Z ERR  BrokerServer] System.Threading.Tasks.TaskCanceledException: The operation was canceled.
 ---> System.Threading.Tasks.TaskCanceledException: The operation was canceled.
 ---> System.IO.IOException: Unable to read data from the transport connection: The I/O operation has been aborted because of either a thread exit or an application request..
 ---> System.Net.Sockets.SocketException (995): The I/O operation has been aborted because of either a thread exit or an application request.
   --- End of inner exception stack trace ---
   at System.Net.Sockets.Socket.AwaitableSocketAsyncEventArgs.ThrowException(SocketError error, CancellationToken cancellationToken)
   at System.Net.Sockets.Socket.AwaitableSocketAsyncEventArgs.System.Threading.Tasks.Sources.IValueTaskSource<System.Int32>.GetResult(Int16 token)
   at System.Net.Security.SslStream.EnsureFullTlsFrameAsync[TIOAdapter](CancellationToken cancellationToken, Int32 estimatedSize)
   at System.Runtime.CompilerServices.PoolingAsyncValueTaskMethodBuilder`1.StateMachineBox`1.System.Threading.Tasks.Sources.IValueTaskSource<TResult>.GetResult(Int16 token)
   at System.Net.Security.SslStream.ReadAsyncInternal[TIOAdapter](Memory`1 buffer, CancellationToken cancellationToken)
   at System.Runtime.CompilerServices.PoolingAsyncValueTaskMethodBuilder`1.StateMachineBox`1.System.Threading.Tasks.Sources.IValueTaskSource<TResult>.GetResult(Int16 token)
   at System.Net.Http.HttpConnection.SendAsync(HttpRequestMessage request, Boolean async, CancellationToken cancellationToken)
   --- End of inner exception stack trace ---
   at System.Net.Http.HttpConnection.SendAsync(HttpRequestMessage request, Boolean async, CancellationToken cancellationToken)
   at System.Net.Http.AuthenticationHelper.SendWithNtAuthAsync(HttpRequestMessage request, Uri authUri, Boolean async, ICredentials credentials, Boolean isProxyAuth, HttpConnection connection, HttpConnectionPool connectionPool, CancellationToken cancellationToken)
   at System.Net.Http.HttpConnectionPool.SendWithVersionDetectionAndRetryAsync(HttpRequestMessage request, Boolean async, Boolean doRequestAuth, CancellationToken cancellationToken)
   at System.Net.Http.AuthenticationHelper.SendWithAuthAsync(HttpRequestMessage request, Uri authUri, Boolean async, ICredentials credentials, Boolean preAuthenticate, Boolean isProxyAuth, Boolean doRequestAuth, HttpConnectionPool pool, CancellationToken cancellationToken)
   at System.Net.Http.RedirectHandler.SendAsync(HttpRequestMessage request, Boolean async, CancellationToken cancellationToken)
   at GitHub.Services.Common.RawHttpMessageHandler.SendAsync(HttpRequestMessage request, CancellationToken cancellationToken)
   at GitHub.Services.Common.VssHttpRetryMessageHandler.SendAsync(HttpRequestMessage request, CancellationToken cancellationToken)
   at System.Net.Http.HttpClient.<SendAsync>g__Core|83_0(HttpRequestMessage request, HttpCompletionOption completionOption, CancellationTokenSource cts, Boolean disposeCts, CancellationTokenSource pendingRequestsCts, CancellationToken originalCancellationToken)
   --- End of inner exception stack trace ---
   at System.Net.Http.HttpClient.HandleFailure(Exception e, Boolean telemetryStarted, HttpResponseMessage response, CancellationTokenSource cts, CancellationToken cancellationToken, CancellationTokenSource pendingRequestsCts)
   at System.Net.Http.HttpClient.<SendAsync>g__Core|83_0(HttpRequestMessage request, HttpCompletionOption completionOption, CancellationTokenSource cts, Boolean disposeCts, CancellationTokenSource pendingRequestsCts, CancellationToken originalCancellationToken)
   at Sdk.WebApi.WebApi.RawHttpClientBase.SendAsync(HttpRequestMessage message, HttpCompletionOption completionOption, Object userState, CancellationToken cancellationToken)
   at Sdk.WebApi.WebApi.RawHttpClientBase.SendAsync[T](HttpRequestMessage message, Boolean readErrorBody, Object userState, CancellationToken cancellationToken)
   at Sdk.WebApi.WebApi.RawHttpClientBase.SendAsync[T](HttpMethod method, IEnumerable`1 additionalHeaders, Uri requestUri, HttpContent content, IEnumerable`1 queryParameters, Boolean readErrorBody, Object userState, CancellationToken cancellationToken)
   at GitHub.Actions.RunService.WebApi.BrokerHttpClient.GetRunnerMessageAsync(Nullable`1 sessionId, String runnerVersion, Nullable`1 status, String os, String architecture, Nullable`1 disableUpdate, CancellationToken cancellationToken)
   at GitHub.Runner.Common.BrokerServer.<>c__DisplayClass7_0.<<GetRunnerMessageAsync>b__0>d.MoveNext()
--- End of stack trace from previous location ---
   at GitHub.Runner.Common.RunnerService.RetryRequest[T](Func`1 func, CancellationToken cancellationToken, Int32 maxRetryAttemptsCount, Func`2 shouldRetry)
[2025-07-05 17:28:41Z ERR  BrokerServer] #####################################################
[2025-07-05 17:28:41Z ERR  BrokerServer] System.Threading.Tasks.TaskCanceledException: The operation was canceled.
 ---> System.IO.IOException: Unable to read data from the transport connection: The I/O operation has been aborted because of either a thread exit or an application request..
 ---> System.Net.Sockets.SocketException (995): The I/O operation has been aborted because of either a thread exit or an application request.
   --- End of inner exception stack trace ---
   at System.Net.Sockets.Socket.AwaitableSocketAsyncEventArgs.ThrowException(SocketError error, CancellationToken cancellationToken)
   at System.Net.Sockets.Socket.AwaitableSocketAsyncEventArgs.System.Threading.Tasks.Sources.IValueTaskSource<System.Int32>.GetResult(Int16 token)
   at System.Net.Security.SslStream.EnsureFullTlsFrameAsync[TIOAdapter](CancellationToken cancellationToken, Int32 estimatedSize)
   at System.Runtime.CompilerServices.PoolingAsyncValueTaskMethodBuilder`1.StateMachineBox`1.System.Threading.Tasks.Sources.IValueTaskSource<TResult>.GetResult(Int16 token)
   at System.Net.Security.SslStream.ReadAsyncInternal[TIOAdapter](Memory`1 buffer, CancellationToken cancellationToken)
   at System.Runtime.CompilerServices.PoolingAsyncValueTaskMethodBuilder`1.StateMachineBox`1.System.Threading.Tasks.Sources.IValueTaskSource<TResult>.GetResult(Int16 token)
   at System.Net.Http.HttpConnection.SendAsync(HttpRequestMessage request, Boolean async, CancellationToken cancellationToken)
   --- End of inner exception stack trace ---
   at System.Net.Http.HttpConnection.SendAsync(HttpRequestMessage request, Boolean async, CancellationToken cancellationToken)
   at System.Net.Http.AuthenticationHelper.SendWithNtAuthAsync(HttpRequestMessage request, Uri authUri, Boolean async, ICredentials credentials, Boolean isProxyAuth, HttpConnection connection, HttpConnectionPool connectionPool, CancellationToken cancellationToken)
   at System.Net.Http.HttpConnectionPool.SendWithVersionDetectionAndRetryAsync(HttpRequestMessage request, Boolean async, Boolean doRequestAuth, CancellationToken cancellationToken)
   at System.Net.Http.AuthenticationHelper.SendWithAuthAsync(HttpRequestMessage request, Uri authUri, Boolean async, ICredentials credentials, Boolean preAuthenticate, Boolean isProxyAuth, Boolean doRequestAuth, HttpConnectionPool pool, CancellationToken cancellationToken)
   at System.Net.Http.RedirectHandler.SendAsync(HttpRequestMessage request, Boolean async, CancellationToken cancellationToken)
   at GitHub.Services.Common.RawHttpMessageHandler.SendAsync(HttpRequestMessage request, CancellationToken cancellationToken)
   at GitHub.Services.Common.VssHttpRetryMessageHandler.SendAsync(HttpRequestMessage request, CancellationToken cancellationToken)
   at System.Net.Http.HttpClient.<SendAsync>g__Core|83_0(HttpRequestMessage request, HttpCompletionOption completionOption, CancellationTokenSource cts, Boolean disposeCts, CancellationTokenSource pendingRequestsCts, CancellationToken originalCancellationToken)
[2025-07-05 17:28:41Z ERR  BrokerServer] #####################################################
[2025-07-05 17:28:41Z ERR  BrokerServer] System.IO.IOException: Unable to read data from the transport connection: The I/O operation has been aborted because of either a thread exit or an application request..
 ---> System.Net.Sockets.SocketException (995): The I/O operation has been aborted because of either a thread exit or an application request.
   --- End of inner exception stack trace ---
   at System.Net.Sockets.Socket.AwaitableSocketAsyncEventArgs.ThrowException(SocketError error, CancellationToken cancellationToken)
   at System.Net.Sockets.Socket.AwaitableSocketAsyncEventArgs.System.Threading.Tasks.Sources.IValueTaskSource<System.Int32>.GetResult(Int16 token)
   at System.Net.Security.SslStream.EnsureFullTlsFrameAsync[TIOAdapter](CancellationToken cancellationToken, Int32 estimatedSize)
   at System.Runtime.CompilerServices.PoolingAsyncValueTaskMethodBuilder`1.StateMachineBox`1.System.Threading.Tasks.Sources.IValueTaskSource<TResult>.GetResult(Int16 token)
   at System.Net.Security.SslStream.ReadAsyncInternal[TIOAdapter](Memory`1 buffer, CancellationToken cancellationToken)
   at System.Runtime.CompilerServices.PoolingAsyncValueTaskMethodBuilder`1.StateMachineBox`1.System.Threading.Tasks.Sources.IValueTaskSource<TResult>.GetResult(Int16 token)
   at System.Net.Http.HttpConnection.SendAsync(HttpRequestMessage request, Boolean async, CancellationToken cancellationToken)
[2025-07-05 17:28:41Z ERR  BrokerServer] #####################################################
[2025-07-05 17:28:41Z ERR  BrokerServer] System.Net.Sockets.SocketException (995): The I/O operation has been aborted because of either a thread exit or an application request.
[2025-07-05 17:28:41Z WARN BrokerServer] Back off 9.469 seconds before next retry. 4 attempt left.
[2025-07-05 17:28:41Z INFO BrokerMessageListener] Get messages has been cancelled using local token source. Continue to get messages with new status.
[2025-07-05 17:31:55Z INFO HostContext] Runner will be shutdown for UserCancelled
[2025-07-05 17:31:55Z WARN GitHubActionsService] GET request to https://broker.actions.githubusercontent.com/message?sessionId=d1679623-31a9-417d-a8a2-e668ad49359a&status=Online&runnerVersion=2.325.0&os=Windows&architecture=X64&disableUpdate=false has been cancelled.
[2025-07-05 17:31:55Z ERR  BrokerServer] Catch exception during request
[2025-07-05 17:31:55Z ERR  BrokerServer] System.Threading.Tasks.TaskCanceledException: The operation was canceled.
 ---> System.Threading.Tasks.TaskCanceledException: The operation was canceled.
 ---> System.IO.IOException: Unable to read data from the transport connection: The I/O operation has been aborted because of either a thread exit or an application request..
 ---> System.Net.Sockets.SocketException (995): The I/O operation has been aborted because of either a thread exit or an application request.
   --- End of inner exception stack trace ---
   at System.Net.Sockets.Socket.AwaitableSocketAsyncEventArgs.ThrowException(SocketError error, CancellationToken cancellationToken)
   at System.Net.Sockets.Socket.AwaitableSocketAsyncEventArgs.System.Threading.Tasks.Sources.IValueTaskSource<System.Int32>.GetResult(Int16 token)
   at System.Net.Security.SslStream.EnsureFullTlsFrameAsync[TIOAdapter](CancellationToken cancellationToken, Int32 estimatedSize)
   at System.Runtime.CompilerServices.PoolingAsyncValueTaskMethodBuilder`1.StateMachineBox`1.System.Threading.Tasks.Sources.IValueTaskSource<TResult>.GetResult(Int16 token)
   at System.Net.Security.SslStream.ReadAsyncInternal[TIOAdapter](Memory`1 buffer, CancellationToken cancellationToken)
   at System.Runtime.CompilerServices.PoolingAsyncValueTaskMethodBuilder`1.StateMachineBox`1.System.Threading.Tasks.Sources.IValueTaskSource<TResult>.GetResult(Int16 token)
   at System.Net.Http.HttpConnection.SendAsync(HttpRequestMessage request, Boolean async, CancellationToken cancellationToken)
   --- End of inner exception stack trace ---
   at System.Net.Http.HttpConnection.SendAsync(HttpRequestMessage request, Boolean async, CancellationToken cancellationToken)
   at System.Net.Http.AuthenticationHelper.SendWithNtAuthAsync(HttpRequestMessage request, Uri authUri, Boolean async, ICredentials credentials, Boolean isProxyAuth, HttpConnection connection, HttpConnectionPool connectionPool, CancellationToken cancellationToken)
   at System.Net.Http.HttpConnectionPool.SendWithVersionDetectionAndRetryAsync(HttpRequestMessage request, Boolean async, Boolean doRequestAuth, CancellationToken cancellationToken)
   at System.Net.Http.AuthenticationHelper.SendWithAuthAsync(HttpRequestMessage request, Uri authUri, Boolean async, ICredentials credentials, Boolean preAuthenticate, Boolean isProxyAuth, Boolean doRequestAuth, HttpConnectionPool pool, CancellationToken cancellationToken)
   at System.Net.Http.RedirectHandler.SendAsync(HttpRequestMessage request, Boolean async, CancellationToken cancellationToken)
   at GitHub.Services.Common.RawHttpMessageHandler.SendAsync(HttpRequestMessage request, CancellationToken cancellationToken)
   at GitHub.Services.Common.VssHttpRetryMessageHandler.SendAsync(HttpRequestMessage request, CancellationToken cancellationToken)
   at System.Net.Http.HttpClient.<SendAsync>g__Core|83_0(HttpRequestMessage request, HttpCompletionOption completionOption, CancellationTokenSource cts, Boolean disposeCts, CancellationTokenSource pendingRequestsCts, CancellationToken originalCancellationToken)
   --- End of inner exception stack trace ---
   at System.Net.Http.HttpClient.HandleFailure(Exception e, Boolean telemetryStarted, HttpResponseMessage response, CancellationTokenSource cts, CancellationToken cancellationToken, CancellationTokenSource pendingRequestsCts)
   at System.Net.Http.HttpClient.<SendAsync>g__Core|83_0(HttpRequestMessage request, HttpCompletionOption completionOption, CancellationTokenSource cts, Boolean disposeCts, CancellationTokenSource pendingRequestsCts, CancellationToken originalCancellationToken)
   at Sdk.WebApi.WebApi.RawHttpClientBase.SendAsync(HttpRequestMessage message, HttpCompletionOption completionOption, Object userState, CancellationToken cancellationToken)
   at Sdk.WebApi.WebApi.RawHttpClientBase.SendAsync[T](HttpRequestMessage message, Boolean readErrorBody, Object userState, CancellationToken cancellationToken)
   at Sdk.WebApi.WebApi.RawHttpClientBase.SendAsync[T](HttpMethod method, IEnumerable`1 additionalHeaders, Uri requestUri, HttpContent content, IEnumerable`1 queryParameters, Boolean readErrorBody, Object userState, CancellationToken cancellationToken)
   at GitHub.Actions.RunService.WebApi.BrokerHttpClient.GetRunnerMessageAsync(Nullable`1 sessionId, String runnerVersion, Nullable`1 status, String os, String architecture, Nullable`1 disableUpdate, CancellationToken cancellationToken)
   at GitHub.Runner.Common.BrokerServer.<>c__DisplayClass7_0.<<GetRunnerMessageAsync>b__0>d.MoveNext()
--- End of stack trace from previous location ---
   at GitHub.Runner.Common.RunnerService.RetryRequest[T](Func`1 func, CancellationToken cancellationToken, Int32 maxRetryAttemptsCount, Func`2 shouldRetry)
[2025-07-05 17:31:55Z ERR  BrokerServer] #####################################################
[2025-07-05 17:31:55Z ERR  BrokerServer] System.Threading.Tasks.TaskCanceledException: The operation was canceled.
 ---> System.IO.IOException: Unable to read data from the transport connection: The I/O operation has been aborted because of either a thread exit or an application request..
 ---> System.Net.Sockets.SocketException (995): The I/O operation has been aborted because of either a thread exit or an application request.
   --- End of inner exception stack trace ---
   at System.Net.Sockets.Socket.AwaitableSocketAsyncEventArgs.ThrowException(SocketError error, CancellationToken cancellationToken)
   at System.Net.Sockets.Socket.AwaitableSocketAsyncEventArgs.System.Threading.Tasks.Sources.IValueTaskSource<System.Int32>.GetResult(Int16 token)
   at System.Net.Security.SslStream.EnsureFullTlsFrameAsync[TIOAdapter](CancellationToken cancellationToken, Int32 estimatedSize)
   at System.Runtime.CompilerServices.PoolingAsyncValueTaskMethodBuilder`1.StateMachineBox`1.System.Threading.Tasks.Sources.IValueTaskSource<TResult>.GetResult(Int16 token)
   at System.Net.Security.SslStream.ReadAsyncInternal[TIOAdapter](Memory`1 buffer, CancellationToken cancellationToken)
   at System.Runtime.CompilerServices.PoolingAsyncValueTaskMethodBuilder`1.StateMachineBox`1.System.Threading.Tasks.Sources.IValueTaskSource<TResult>.GetResult(Int16 token)
   at System.Net.Http.HttpConnection.SendAsync(HttpRequestMessage request, Boolean async, CancellationToken cancellationToken)
   --- End of inner exception stack trace ---
   at System.Net.Http.HttpConnection.SendAsync(HttpRequestMessage request, Boolean async, CancellationToken cancellationToken)
   at System.Net.Http.AuthenticationHelper.SendWithNtAuthAsync(HttpRequestMessage request, Uri authUri, Boolean async, ICredentials credentials, Boolean isProxyAuth, HttpConnection connection, HttpConnectionPool connectionPool, CancellationToken cancellationToken)
   at System.Net.Http.HttpConnectionPool.SendWithVersionDetectionAndRetryAsync(HttpRequestMessage request, Boolean async, Boolean doRequestAuth, CancellationToken cancellationToken)
   at System.Net.Http.AuthenticationHelper.SendWithAuthAsync(HttpRequestMessage request, Uri authUri, Boolean async, ICredentials credentials, Boolean preAuthenticate, Boolean isProxyAuth, Boolean doRequestAuth, HttpConnectionPool pool, CancellationToken cancellationToken)
   at System.Net.Http.RedirectHandler.SendAsync(HttpRequestMessage request, Boolean async, CancellationToken cancellationToken)
   at GitHub.Services.Common.RawHttpMessageHandler.SendAsync(HttpRequestMessage request, CancellationToken cancellationToken)
   at GitHub.Services.Common.VssHttpRetryMessageHandler.SendAsync(HttpRequestMessage request, CancellationToken cancellationToken)
   at System.Net.Http.HttpClient.<SendAsync>g__Core|83_0(HttpRequestMessage request, HttpCompletionOption completionOption, CancellationTokenSource cts, Boolean disposeCts, CancellationTokenSource pendingRequestsCts, CancellationToken originalCancellationToken)
[2025-07-05 17:31:55Z ERR  BrokerServer] #####################################################
[2025-07-05 17:31:55Z ERR  BrokerServer] System.IO.IOException: Unable to read data from the transport connection: The I/O operation has been aborted because of either a thread exit or an application request..
 ---> System.Net.Sockets.SocketException (995): The I/O operation has been aborted because of either a thread exit or an application request.
   --- End of inner exception stack trace ---
   at System.Net.Sockets.Socket.AwaitableSocketAsyncEventArgs.ThrowException(SocketError error, CancellationToken cancellationToken)
   at System.Net.Sockets.Socket.AwaitableSocketAsyncEventArgs.System.Threading.Tasks.Sources.IValueTaskSource<System.Int32>.GetResult(Int16 token)
   at System.Net.Security.SslStream.EnsureFullTlsFrameAsync[TIOAdapter](CancellationToken cancellationToken, Int32 estimatedSize)
   at System.Runtime.CompilerServices.PoolingAsyncValueTaskMethodBuilder`1.StateMachineBox`1.System.Threading.Tasks.Sources.IValueTaskSource<TResult>.GetResult(Int16 token)
   at System.Net.Security.SslStream.ReadAsyncInternal[TIOAdapter](Memory`1 buffer, CancellationToken cancellationToken)
   at System.Runtime.CompilerServices.PoolingAsyncValueTaskMethodBuilder`1.StateMachineBox`1.System.Threading.Tasks.Sources.IValueTaskSource<TResult>.GetResult(Int16 token)
   at System.Net.Http.HttpConnection.SendAsync(HttpRequestMessage request, Boolean async, CancellationToken cancellationToken)
[2025-07-05 17:31:55Z ERR  BrokerServer] #####################################################
[2025-07-05 17:31:55Z ERR  BrokerServer] System.Net.Sockets.SocketException (995): The I/O operation has been aborted because of either a thread exit or an application request.
[2025-07-05 17:31:55Z WARN BrokerServer] Back off 13.897 seconds before next retry. 4 attempt left.
[2025-07-05 17:31:55Z INFO BrokerMessageListener] Get next message has been cancelled.
[2025-07-05 17:31:55Z INFO JobDispatcher] Shutting down JobDispatcher. Make sure all WorkerDispatcher has finished.
[2025-07-05 17:31:55Z INFO JobDispatcher] Ensure WorkerDispatcher for job d7de970d-acba-5dc3-bc03-5cb7c00efed6 run to finish, cancel any running job.
[2025-07-05 17:31:55Z INFO JobDispatcher] Job request d7de970d-acba-5dc3-bc03-5cb7c00efed6 processed succeed.
[2025-07-05 17:31:55Z INFO Runner] Deleting Runner Session...
[2025-07-05 17:31:56Z INFO Listener] Runner execution been cancelled.
